0 info it worked if it ends with ok
1 verbose cli [ 'C:\\Program Files\\nodejs\\node.exe',
1 verbose cli   'C:\\Users\\Simon\\AppData\\Roaming\\npm\\node_modules\\npm\\bin\\npm-cli.js',
1 verbose cli   'start' ]
2 info using npm@3.3.4
3 info using node@v4.1.1
4 verbose run-script [ 'prestart', 'start', 'poststart' ]
5 info lifecycle WebRtcApp@0.0.0~prestart: WebRtcApp@0.0.0
6 silly lifecycle WebRtcApp@0.0.0~prestart: no script for prestart, continuing
7 info lifecycle WebRtcApp@0.0.0~start: WebRtcApp@0.0.0
8 verbose lifecycle WebRtcApp@0.0.0~start: unsafe-perm in lifecycle true
9 verbose lifecycle WebRtcApp@0.0.0~start: PATH: C:\Users\Simon\AppData\Roaming\npm\node_modules\npm\bin\node-gyp-bin;C:\Users\Simon\Documents\GitHub\webapp\ODMS\WebRtcModule\webRTCCopy-master\server\node_modules\.bin;C:\Python27\;C:\Python27\Scripts;C:\ProgramData\Oracle\Java\javapath;C:\Program Files (x86)\NVIDIA Corporation\PhysX\Common;C:\Program Files (x86)\Intel\iCLS Client\;C:\Program Files\Intel\iCLS Client\;C:\WINDOWS\system32;C:\WINDOWS;C:\WINDOWS\System32\Wbem;C:\WINDOWS\System32\WindowsPowerShell\v1.0\;C:\Program Files (x86)\ATI Technologies\ATI.ACE\Core-Static;C:\Program Files\Intel\Intel(R) Management Engine Components\DAL;C:\Program Files\Intel\Intel(R) Management Engine Components\IPT;C:\Program Files (x86)\Intel\Intel(R) Management Engine Components\DAL;C:\Program Files (x86)\Intel\Intel(R) Management Engine Components\IPT;C:\Program Files (x86)\Windows Kits\8.1\Windows Performance Toolkit\;C:\Program Files\Microsoft SQL Server\110\Tools\Binn\;C:\Program Files\Perforce;C:\Program Files\Microsoft SQL Server\110\DTS\Binn\;C:\Program Files (x86)\Microsoft SQL Server\110\Tools\Binn\;C:\Program Files (x86)\Microsoft SQL Server\110\Tools\Binn\ManagementStudio\;C:\Program Files (x86)\Microsoft Visual Studio 10.0\Common7\IDE\PrivateAssemblies\;C:\Program Files (x86)\Microsoft SQL Server\110\DTS\Binn\;C:\Program Files\Microsoft\Web Platform Installer\;C:\Program Files (x86)\Microsoft SDKs\TypeScript\1.0\;C:\Program Files\Microsoft SQL Server\120\Tools\Binn\;C:\Program Files (x86)\Intel\OpenCL SDK\2.0\bin\x86;C:\Program Files (x86)\Intel\OpenCL SDK\2.0\bin\x64;C:\Program Files\Windows Imaging\;C:\Program Files (x86)\AMD\ATI.ACE\Core-Static;C:\Program Files (x86)\Skype\Phone\;C:\Program Files\nodejs\;C:\Program Files\Git\cmd;C:\Program Files (x86)\Druide\Antidote 7\Programmes32;C:\Program Files (x86)\Druide\Antidote 7\Programmes64;C:\Users\Simon\AppData\Roaming\npm
10 verbose lifecycle WebRtcApp@0.0.0~start: CWD: C:\Users\Simon\Documents\GitHub\webapp\ODMS\WebRtcModule\webRTCCopy-master\server
11 silly lifecycle WebRtcApp@0.0.0~start: Args: [ '/d /s /c', 'node site/server.js' ]
12 silly lifecycle WebRtcApp@0.0.0~start: Returned: code: 1  signal: null
13 info lifecycle WebRtcApp@0.0.0~start: Failed to exec start script
14 verbose stack Error: WebRtcApp@0.0.0 start: `node site/server.js`
14 verbose stack Exit status 1
14 verbose stack     at EventEmitter.<anonymous> (C:\Users\Simon\AppData\Roaming\npm\node_modules\npm\lib\utils\lifecycle.js:233:16)
14 verbose stack     at emitTwo (events.js:87:13)
14 verbose stack     at EventEmitter.emit (events.js:172:7)
14 verbose stack     at ChildProcess.<anonymous> (C:\Users\Simon\AppData\Roaming\npm\node_modules\npm\lib\utils\spawn.js:24:14)
14 verbose stack     at emitTwo (events.js:87:13)
14 verbose stack     at ChildProcess.emit (events.js:172:7)
14 verbose stack     at maybeClose (internal/child_process.js:817:16)
14 verbose stack     at Process.ChildProcess._handle.onexit (internal/child_process.js:211:5)
15 verbose pkgid WebRtcApp@0.0.0
16 verbose cwd C:\Users\Simon\Documents\GitHub\webapp\ODMS\WebRtcModule\webRTCCopy-master\server
17 error Windows_NT 10.0.10586
18 error argv "C:\\Program Files\\nodejs\\node.exe" "C:\\Users\\Simon\\AppData\\Roaming\\npm\\node_modules\\npm\\bin\\npm-cli.js" "start"
19 error node v4.1.1
20 error npm  v3.3.4
21 error code ELIFECYCLE
22 error WebRtcApp@0.0.0 start: `node site/server.js`
22 error Exit status 1
23 error Failed at the WebRtcApp@0.0.0 start script 'node site/server.js'.
23 error This is most likely a problem with the WebRtcApp package,
23 error not with npm itself.
23 error Tell the author that this fails on your system:
23 error     node site/server.js
23 error You can get their info via:
23 error     npm owner ls WebRtcApp
23 error There is likely additional logging output above.
24 verbose exit [ 1, true ]
